<?xml version="1.0" encoding="utf-8"?><testsuites name="pytest tests"><testsuite name="pytest" errors="0" failures="7" skipped="0" tests="24" time="3.162" timestamp="2026-06-12T00:49:29.446825+00:00" hostname="agent-env-59d0ea98-3411-49e9-a3e8-e39145052fe4"><testcase classname="backend.tests.test_odriv_backend.TestStateAndConfig" name="test_state_ok" time="0.217" /><testcase classname="backend.tests.test_odriv_backend.TestStateAndConfig" name="test_config_sections_present" time="0.123" /><testcase classname="backend.tests.test_odriv_backend.TestStateAndConfig" name="test_config_get_section" time="0.046" /><testcase classname="backend.tests.test_odriv_backend.TestStateAndConfig" name="test_unknown_config_section_404" time="0.048" /><testcase classname="backend.tests.test_odriv_backend.TestProjectPipeline" name="test_01_new_project" time="0.058" /><testcase classname="backend.tests.test_odriv_backend.TestProjectPipeline" name="test_02_update_project" time="0.048" /><testcase classname="backend.tests.test_odriv_backend.TestProjectPipeline" name="test_03_import_demo" time="0.148" /><testcase classname="backend.tests.test_odriv_backend.TestProjectPipeline" name="test_04_state_reflects_events" time="0.052" /><testcase classname="backend.tests.test_odriv_backend.TestProjectPipeline" name="test_05_calculate_rating" time="0.078"><failure message="TypeError: argument of type 'NoneType' is not iterable">backend/tests/test_odriv_backend.py:102: in test_05_calculate_rating
    assert "index" in glob[k]
           ^^^^^^^^^^^^^^^^^^
E   TypeError: argument of type 'NoneType' is not iterable</failure></testcase><testcase classname="backend.tests.test_odriv_backend.TestProjectPipeline" name="test_06_get_rating" time="0.048"><failure message="assert 0 &gt;= 50&#10; +  where 0 = len([])">backend/tests/test_odriv_backend.py:112: in test_06_get_rating
    assert len(data["rows"]) &gt;= 50
E   assert 0 &gt;= 50
E    +  where 0 = len([])</failure></testcase><testcase classname="backend.tests.test_odriv_backend.TestProjectPipeline" name="test_07_sdv_detail" time="0.048"><failure message="IndexError: list index out of range">backend/tests/test_odriv_backend.py:122: in test_07_sdv_detail
    first = rows[0]["name"]
            ^^^^^^^
E   IndexError: list index out of range</failure></testcase><testcase classname="backend.tests.test_odriv_backend.TestProjectPipeline" name="test_08_sdv_detail_unknown" time="0.052" /><testcase classname="backend.tests.test_odriv_backend.TestProjectPipeline" name="test_09_events_listing" time="0.048" /><testcase classname="backend.tests.test_odriv_backend.TestProjectPipeline" name="test_10_event_update_and_delete" time="0.183" /><testcase classname="backend.tests.test_odriv_backend.TestProjectPipeline" name="test_11_set_as_target" time="0.045"><failure message="assert 400 == 200&#10; +  where 400 = &lt;Response [400]&gt;.status_code">backend/tests/test_odriv_backend.py:162: in test_11_set_as_target
    assert r.status_code == 200
E   assert 400 == 200
E    +  where 400 = &lt;Response [400]&gt;.status_code</failure></testcase><testcase classname="backend.tests.test_odriv_backend.TestProjectPipeline" name="test_12_download_sample_xlsx" time="0.331" /><testcase classname="backend.tests.test_odriv_backend.TestProjectPipeline" name="test_13_reimport_via_file_endpoint" time="0.680" /><testcase classname="backend.tests.test_odriv_backend.TestProjectPipeline" name="test_14_report_pptx" time="0.106"><failure message="AssertionError: {&quot;detail&quot;:&quot;Calculate the rating before creating a report&quot;}&#10;assert 400 == 200&#10; +  where 400 = &lt;Response [400]&gt;.status_code">backend/tests/test_odriv_backend.py:200: in test_14_report_pptx
    assert r.status_code == 200, r.text
E   AssertionError: {"detail":"Calculate the rating before creating a report"}
E   assert 400 == 200
E    +  where 400 = &lt;Response [400]&gt;.status_code</failure></testcase><testcase classname="backend.tests.test_odriv_backend.TestProjectPipeline" name="test_15_report_pdf" time="0.049"><failure message="AssertionError: {&quot;detail&quot;:&quot;Calculate the rating before creating a report&quot;}&#10;assert 400 == 200&#10; +  where 400 = &lt;Response [400]&gt;.status_code">backend/tests/test_odriv_backend.py:206: in test_15_report_pdf
    assert r.status_code == 200, r.text
E   AssertionError: {"detail":"Calculate the rating before creating a report"}
E   assert 400 == 200
E    +  where 400 = &lt;Response [400]&gt;.status_code</failure></testcase><testcase classname="backend.tests.test_odriv_backend.TestProjectPipeline" name="test_16_report_bad_fmt" time="0.049" /><testcase classname="backend.tests.test_odriv_backend.TestProjectPipeline" name="test_17_logs" time="0.049" /><testcase classname="backend.tests.test_odriv_backend.TestConfigEditRoundtrip" name="test_targets_put_and_persist" time="0.262"><failure message="AttributeError: 'list' object has no attribute 'keys'">backend/tests/test_odriv_backend.py:236: in test_targets_put_and_persist
    assert set(r3.json().keys()) == set(data.keys())
               ^^^^^^^^^^^^^^
E   AttributeError: 'list' object has no attribute 'keys'</failure></testcase><testcase classname="backend.tests.test_odriv_backend.TestConfigEditRoundtrip" name="test_put_unknown_section" time="0.045" /><testcase classname="backend.tests.test_odriv_backend.TestCleanup" name="test_zz_erase_all" time="0.098" /></testsuite></testsuites>